Pig Stack Trace
---------------
ERROR 2081: Unable to setup the load function.

org.apache.pig.impl.logicalLayer.FrontendException: ERROR 1066: Unable to open iterator for alias truck_events_subset
	at org.apache.pig.PigServer.openIterator(PigServer.java:1019)
	at org.apache.pig.tools.grunt.GruntParser.processDump(GruntParser.java:747)
	at org.apache.pig.tools.pigscript.parser.PigScriptParser.parse(PigScriptParser.java:376)
	at org.apache.pig.tools.grunt.GruntParser.parseStopOnError(GruntParser.java:231)
	at org.apache.pig.tools.grunt.GruntParser.parseStopOnError(GruntParser.java:206)
	at org.apache.pig.tools.grunt.Grunt.run(Grunt.java:66)
	at org.apache.pig.Main.run(Main.java:564)
	at org.apache.pig.Main.main(Main.java:176)
	at sun.reflect.NativeMethodAccessorImpl.invoke0(Native Method)
	at sun.reflect.NativeMethodAccessorImpl.invoke(NativeMethodAccessorImpl.java:62)
	at sun.reflect.DelegatingMethodAccessorImpl.invoke(DelegatingMethodAccessorImpl.java:43)
	at java.lang.reflect.Method.invoke(Method.java:498)
	at org.apache.hadoop.util.RunJar.run(RunJar.java:323)
	at org.apache.hadoop.util.RunJar.main(RunJar.java:236)
Caused by: org.apache.pig.PigException: ERROR 1002: Unable to store alias truck_events_subset
	at org.apache.pig.PigServer.storeEx(PigServer.java:1122)
	at org.apache.pig.PigServer.store(PigServer.java:1081)
	at org.apache.pig.PigServer.openIterator(PigServer.java:994)
	... 13 more
Caused by: org.apache.pig.backend.executionengine.ExecException: ERROR 0: Exception while executing (Name: truck_events_subset: Store(file:/tmp/temp-1074566604/tmp-1101879661:org.apache.pig.impl.io.InterStorage) - scope-39 Operator Key: scope-39): org.apache.pig.backend.executionengine.ExecException: ERROR 0: Exception while executing (Name: truck_events: New For Each(false,false,false,false,false,false,false,false,false,false,false,false)[bag] - scope-38 Operator Key: scope-38): org.apache.pig.backend.executionengine.ExecException: ERROR 0: Exception while executing (Name: truck_events_subset: Limit - scope-1 Operator Key: scope-1): org.apache.pig.backend.executionengine.ExecException: ERROR 2081: Unable to setup the load function.
	at org.apache.pig.backend.hadoop.executionengine.physicalLayer.PhysicalOperator.processInput(PhysicalOperator.java:314)
	at org.apache.pig.backend.hadoop.executionengine.physicalLayer.relationalOperators.POStore.getNextTuple(POStore.java:159)
	at org.apache.pig.backend.hadoop.executionengine.fetch.FetchLauncher.runPipeline(FetchLauncher.java:157)
	at org.apache.pig.backend.hadoop.executionengine.fetch.FetchLauncher.launchPig(FetchLauncher.java:81)
	at org.apache.pig.backend.hadoop.executionengine.HExecutionEngine.launchPig(HExecutionEngine.java:306)
	at org.apache.pig.PigServer.launchPlan(PigServer.java:1474)
	at org.apache.pig.PigServer.executeCompiledLogicalPlan(PigServer.java:1459)
	at org.apache.pig.PigServer.storeEx(PigServer.java:1118)
	... 15 more
Caused by: org.apache.pig.backend.executionengine.ExecException: ERROR 0: Exception while executing (Name: truck_events: New For Each(false,false,false,false,false,false,false,false,false,false,false,false)[bag] - scope-38 Operator Key: scope-38): org.apache.pig.backend.executionengine.ExecException: ERROR 0: Exception while executing (Name: truck_events_subset: Limit - scope-1 Operator Key: scope-1): org.apache.pig.backend.executionengine.ExecException: ERROR 2081: Unable to setup the load function.
	at org.apache.pig.backend.hadoop.executionengine.physicalLayer.PhysicalOperator.processInput(PhysicalOperator.java:314)
	at org.apache.pig.backend.hadoop.executionengine.physicalLayer.relationalOperators.POForEach.getNextTuple(POForEach.java:256)
	at org.apache.pig.backend.hadoop.executionengine.physicalLayer.PhysicalOperator.processInput(PhysicalOperator.java:305)
	... 22 more
Caused by: org.apache.pig.backend.executionengine.ExecException: ERROR 0: Exception while executing (Name: truck_events_subset: Limit - scope-1 Operator Key: scope-1): org.apache.pig.backend.executionengine.ExecException: ERROR 2081: Unable to setup the load function.
	at org.apache.pig.backend.hadoop.executionengine.physicalLayer.PhysicalOperator.processInput(PhysicalOperator.java:314)
	at org.apache.pig.backend.hadoop.executionengine.physicalLayer.relationalOperators.POLimit.getNextTuple(POLimit.java:121)
	at org.apache.pig.backend.hadoop.executionengine.physicalLayer.PhysicalOperator.processInput(PhysicalOperator.java:305)
	... 24 more
Caused by: org.apache.pig.backend.executionengine.ExecException: ERROR 2081: Unable to setup the load function.
	at org.apache.pig.backend.hadoop.executionengine.physicalLayer.relationalOperators.POLoad.getNextTuple(POLoad.java:131)
	at org.apache.pig.backend.hadoop.executionengine.physicalLayer.PhysicalOperator.processInput(PhysicalOperator.java:305)
	... 26 more
Caused by: org.apache.hadoop.mapreduce.lib.input.InvalidInputException: Input path does not exist: file:/input/truck_event_text_partition.csv
	at org.apache.hadoop.mapreduce.lib.input.FileInputFormat.singleThreadedListStatus(FileInputFormat.java:332)
	at org.apache.hadoop.mapreduce.lib.input.FileInputFormat.listStatus(FileInputFormat.java:274)
	at org.apache.pig.backend.hadoop.executionengine.mapReduceLayer.PigTextInputFormat.listStatus(PigTextInputFormat.java:36)
	at org.apache.hadoop.mapreduce.lib.input.FileInputFormat.getSplits(FileInputFormat.java:396)
	at org.apache.pig.impl.io.ReadToEndLoader.init(ReadToEndLoader.java:177)
	at org.apache.pig.impl.io.ReadToEndLoader.<init>(ReadToEndLoader.java:133)
	at org.apache.pig.backend.hadoop.executionengine.physicalLayer.relationalOperators.POLoad.setUp(POLoad.java:99)
	at org.apache.pig.backend.hadoop.executionengine.physicalLayer.relationalOperators.POLoad.getNextTuple(POLoad.java:127)
	... 27 more
================================================================================
Pig Stack Trace
---------------
ERROR 1200: <line 8, column 0>  mismatched input 'truck_events_subset' expecting SEMI_COLON

Failed to parse: <line 8, column 0>  mismatched input 'truck_events_subset' expecting SEMI_COLON
	at org.apache.pig.parser.QueryParserDriver.parse(QueryParserDriver.java:244)
	at org.apache.pig.parser.QueryParserDriver.parse(QueryParserDriver.java:182)
	at org.apache.pig.PigServer$Graph.validateQuery(PigServer.java:1791)
	at org.apache.pig.PigServer$Graph.registerQuery(PigServer.java:1764)
	at org.apache.pig.PigServer.registerQuery(PigServer.java:707)
	at org.apache.pig.tools.grunt.GruntParser.processPig(GruntParser.java:1075)
	at org.apache.pig.tools.pigscript.parser.PigScriptParser.parse(PigScriptParser.java:505)
	at org.apache.pig.tools.grunt.GruntParser.parseStopOnError(GruntParser.java:231)
	at org.apache.pig.tools.grunt.GruntParser.parseStopOnError(GruntParser.java:206)
	at org.apache.pig.tools.grunt.Grunt.run(Grunt.java:66)
	at org.apache.pig.Main.run(Main.java:564)
	at org.apache.pig.Main.main(Main.java:176)
	at sun.reflect.NativeMethodAccessorImpl.invoke0(Native Method)
	at sun.reflect.NativeMethodAccessorImpl.invoke(NativeMethodAccessorImpl.java:62)
	at sun.reflect.DelegatingMethodAccessorImpl.invoke(DelegatingMethodAccessorImpl.java:43)
	at java.lang.reflect.Method.invoke(Method.java:498)
	at org.apache.hadoop.util.RunJar.run(RunJar.java:323)
	at org.apache.hadoop.util.RunJar.main(RunJar.java:236)
================================================================================
Pig Stack Trace
---------------
ERROR 2081: Unable to setup the load function.

org.apache.pig.impl.logicalLayer.FrontendException: ERROR 1066: Unable to open iterator for alias truck_events_subset
	at org.apache.pig.PigServer.openIterator(PigServer.java:1019)
	at org.apache.pig.tools.grunt.GruntParser.processDump(GruntParser.java:747)
	at org.apache.pig.tools.pigscript.parser.PigScriptParser.parse(PigScriptParser.java:376)
	at org.apache.pig.tools.grunt.GruntParser.parseStopOnError(GruntParser.java:231)
	at org.apache.pig.tools.grunt.GruntParser.parseStopOnError(GruntParser.java:206)
	at org.apache.pig.tools.grunt.Grunt.run(Grunt.java:66)
	at org.apache.pig.Main.run(Main.java:564)
	at org.apache.pig.Main.main(Main.java:176)
	at sun.reflect.NativeMethodAccessorImpl.invoke0(Native Method)
	at sun.reflect.NativeMethodAccessorImpl.invoke(NativeMethodAccessorImpl.java:62)
	at sun.reflect.DelegatingMethodAccessorImpl.invoke(DelegatingMethodAccessorImpl.java:43)
	at java.lang.reflect.Method.invoke(Method.java:498)
	at org.apache.hadoop.util.RunJar.run(RunJar.java:323)
	at org.apache.hadoop.util.RunJar.main(RunJar.java:236)
Caused by: org.apache.pig.PigException: ERROR 1002: Unable to store alias truck_events_subset
	at org.apache.pig.PigServer.storeEx(PigServer.java:1122)
	at org.apache.pig.PigServer.store(PigServer.java:1081)
	at org.apache.pig.PigServer.openIterator(PigServer.java:994)
	... 13 more
Caused by: org.apache.pig.backend.executionengine.ExecException: ERROR 0: Exception while executing (Name: truck_events_subset: Store(file:/tmp/temp-1074566604/tmp1670469151:org.apache.pig.impl.io.InterStorage) - scope-79 Operator Key: scope-79): org.apache.pig.backend.executionengine.ExecException: ERROR 0: Exception while executing (Name: truck_events: New For Each(false,false,false,false,false,false,false,false,false,false,false,false)[bag] - scope-78 Operator Key: scope-78): org.apache.pig.backend.executionengine.ExecException: ERROR 0: Exception while executing (Name: truck_events_subset: Limit - scope-41 Operator Key: scope-41): org.apache.pig.backend.executionengine.ExecException: ERROR 2081: Unable to setup the load function.
	at org.apache.pig.backend.hadoop.executionengine.physicalLayer.PhysicalOperator.processInput(PhysicalOperator.java:314)
	at org.apache.pig.backend.hadoop.executionengine.physicalLayer.relationalOperators.POStore.getNextTuple(POStore.java:159)
	at org.apache.pig.backend.hadoop.executionengine.fetch.FetchLauncher.runPipeline(FetchLauncher.java:157)
	at org.apache.pig.backend.hadoop.executionengine.fetch.FetchLauncher.launchPig(FetchLauncher.java:81)
	at org.apache.pig.backend.hadoop.executionengine.HExecutionEngine.launchPig(HExecutionEngine.java:306)
	at org.apache.pig.PigServer.launchPlan(PigServer.java:1474)
	at org.apache.pig.PigServer.executeCompiledLogicalPlan(PigServer.java:1459)
	at org.apache.pig.PigServer.storeEx(PigServer.java:1118)
	... 15 more
Caused by: org.apache.pig.backend.executionengine.ExecException: ERROR 0: Exception while executing (Name: truck_events: New For Each(false,false,false,false,false,false,false,false,false,false,false,false)[bag] - scope-78 Operator Key: scope-78): org.apache.pig.backend.executionengine.ExecException: ERROR 0: Exception while executing (Name: truck_events_subset: Limit - scope-41 Operator Key: scope-41): org.apache.pig.backend.executionengine.ExecException: ERROR 2081: Unable to setup the load function.
	at org.apache.pig.backend.hadoop.executionengine.physicalLayer.PhysicalOperator.processInput(PhysicalOperator.java:314)
	at org.apache.pig.backend.hadoop.executionengine.physicalLayer.relationalOperators.POForEach.getNextTuple(POForEach.java:256)
	at org.apache.pig.backend.hadoop.executionengine.physicalLayer.PhysicalOperator.processInput(PhysicalOperator.java:305)
	... 22 more
Caused by: org.apache.pig.backend.executionengine.ExecException: ERROR 0: Exception while executing (Name: truck_events_subset: Limit - scope-41 Operator Key: scope-41): org.apache.pig.backend.executionengine.ExecException: ERROR 2081: Unable to setup the load function.
	at org.apache.pig.backend.hadoop.executionengine.physicalLayer.PhysicalOperator.processInput(PhysicalOperator.java:314)
	at org.apache.pig.backend.hadoop.executionengine.physicalLayer.relationalOperators.POLimit.getNextTuple(POLimit.java:121)
	at org.apache.pig.backend.hadoop.executionengine.physicalLayer.PhysicalOperator.processInput(PhysicalOperator.java:305)
	... 24 more
Caused by: org.apache.pig.backend.executionengine.ExecException: ERROR 2081: Unable to setup the load function.
	at org.apache.pig.backend.hadoop.executionengine.physicalLayer.relationalOperators.POLoad.getNextTuple(POLoad.java:131)
	at org.apache.pig.backend.hadoop.executionengine.physicalLayer.PhysicalOperator.processInput(PhysicalOperator.java:305)
	... 26 more
Caused by: org.apache.hadoop.mapreduce.lib.input.InvalidInputException: Input path does not exist: file:/input/truck_event_text_partition.csv
	at org.apache.hadoop.mapreduce.lib.input.FileInputFormat.singleThreadedListStatus(FileInputFormat.java:332)
	at org.apache.hadoop.mapreduce.lib.input.FileInputFormat.listStatus(FileInputFormat.java:274)
	at org.apache.pig.backend.hadoop.executionengine.mapReduceLayer.PigTextInputFormat.listStatus(PigTextInputFormat.java:36)
	at org.apache.hadoop.mapreduce.lib.input.FileInputFormat.getSplits(FileInputFormat.java:396)
	at org.apache.pig.impl.io.ReadToEndLoader.init(ReadToEndLoader.java:177)
	at org.apache.pig.impl.io.ReadToEndLoader.<init>(ReadToEndLoader.java:133)
	at org.apache.pig.backend.hadoop.executionengine.physicalLayer.relationalOperators.POLoad.setUp(POLoad.java:99)
	at org.apache.pig.backend.hadoop.executionengine.physicalLayer.relationalOperators.POLoad.getNextTuple(POLoad.java:127)
	... 27 more
================================================================================
Pig Stack Trace
---------------
ERROR 2081: Unable to setup the load function.

org.apache.pig.impl.logicalLayer.FrontendException: ERROR 1066: Unable to open iterator for alias specific_columns
	at org.apache.pig.PigServer.openIterator(PigServer.java:1019)
	at org.apache.pig.tools.grunt.GruntParser.processDump(GruntParser.java:747)
	at org.apache.pig.tools.pigscript.parser.PigScriptParser.parse(PigScriptParser.java:376)
	at org.apache.pig.tools.grunt.GruntParser.parseStopOnError(GruntParser.java:231)
	at org.apache.pig.tools.grunt.GruntParser.parseStopOnError(GruntParser.java:206)
	at org.apache.pig.tools.grunt.Grunt.run(Grunt.java:66)
	at org.apache.pig.Main.run(Main.java:564)
	at org.apache.pig.Main.main(Main.java:176)
	at sun.reflect.NativeMethodAccessorImpl.invoke0(Native Method)
	at sun.reflect.NativeMethodAccessorImpl.invoke(NativeMethodAccessorImpl.java:62)
	at sun.reflect.DelegatingMethodAccessorImpl.invoke(DelegatingMethodAccessorImpl.java:43)
	at java.lang.reflect.Method.invoke(Method.java:498)
	at org.apache.hadoop.util.RunJar.run(RunJar.java:323)
	at org.apache.hadoop.util.RunJar.main(RunJar.java:236)
Caused by: org.apache.pig.PigException: ERROR 1002: Unable to store alias specific_columns
	at org.apache.pig.PigServer.storeEx(PigServer.java:1122)
	at org.apache.pig.PigServer.store(PigServer.java:1081)
	at org.apache.pig.PigServer.openIterator(PigServer.java:994)
	... 13 more
Caused by: org.apache.pig.backend.executionengine.ExecException: ERROR 0: Exception while executing (Name: specific_columns: Store(file:/tmp/temp-1074566604/tmp-1082406605:org.apache.pig.impl.io.InterStorage) - scope-99 Operator Key: scope-99): org.apache.pig.backend.executionengine.ExecException: ERROR 0: Exception while executing (Name: specific_columns: New For Each(false,false,false)[bag] - scope-98 Operator Key: scope-98): org.apache.pig.backend.executionengine.ExecException: ERROR 0: Exception while executing (Name: truck_events: New For Each(false,false,false)[bag] - scope-91 Operator Key: scope-91): org.apache.pig.backend.executionengine.ExecException: ERROR 0: Exception while executing (Name: truck_events_subset: Limit - scope-81 Operator Key: scope-81): org.apache.pig.backend.executionengine.ExecException: ERROR 2081: Unable to setup the load function.
	at org.apache.pig.backend.hadoop.executionengine.physicalLayer.PhysicalOperator.processInput(PhysicalOperator.java:314)
	at org.apache.pig.backend.hadoop.executionengine.physicalLayer.relationalOperators.POStore.getNextTuple(POStore.java:159)
	at org.apache.pig.backend.hadoop.executionengine.fetch.FetchLauncher.runPipeline(FetchLauncher.java:157)
	at org.apache.pig.backend.hadoop.executionengine.fetch.FetchLauncher.launchPig(FetchLauncher.java:81)
	at org.apache.pig.backend.hadoop.executionengine.HExecutionEngine.launchPig(HExecutionEngine.java:306)
	at org.apache.pig.PigServer.launchPlan(PigServer.java:1474)
	at org.apache.pig.PigServer.executeCompiledLogicalPlan(PigServer.java:1459)
	at org.apache.pig.PigServer.storeEx(PigServer.java:1118)
	... 15 more
Caused by: org.apache.pig.backend.executionengine.ExecException: ERROR 0: Exception while executing (Name: specific_columns: New For Each(false,false,false)[bag] - scope-98 Operator Key: scope-98): org.apache.pig.backend.executionengine.ExecException: ERROR 0: Exception while executing (Name: truck_events: New For Each(false,false,false)[bag] - scope-91 Operator Key: scope-91): org.apache.pig.backend.executionengine.ExecException: ERROR 0: Exception while executing (Name: truck_events_subset: Limit - scope-81 Operator Key: scope-81): org.apache.pig.backend.executionengine.ExecException: ERROR 2081: Unable to setup the load function.
	at org.apache.pig.backend.hadoop.executionengine.physicalLayer.PhysicalOperator.processInput(PhysicalOperator.java:314)
	at org.apache.pig.backend.hadoop.executionengine.physicalLayer.relationalOperators.POForEach.getNextTuple(POForEach.java:256)
	at org.apache.pig.backend.hadoop.executionengine.physicalLayer.PhysicalOperator.processInput(PhysicalOperator.java:305)
	... 22 more
Caused by: org.apache.pig.backend.executionengine.ExecException: ERROR 0: Exception while executing (Name: truck_events: New For Each(false,false,false)[bag] - scope-91 Operator Key: scope-91): org.apache.pig.backend.executionengine.ExecException: ERROR 0: Exception while executing (Name: truck_events_subset: Limit - scope-81 Operator Key: scope-81): org.apache.pig.backend.executionengine.ExecException: ERROR 2081: Unable to setup the load function.
	at org.apache.pig.backend.hadoop.executionengine.physicalLayer.PhysicalOperator.processInput(PhysicalOperator.java:314)
	at org.apache.pig.backend.hadoop.executionengine.physicalLayer.relationalOperators.POForEach.getNextTuple(POForEach.java:256)
	at org.apache.pig.backend.hadoop.executionengine.physicalLayer.PhysicalOperator.processInput(PhysicalOperator.java:305)
	... 24 more
Caused by: org.apache.pig.backend.executionengine.ExecException: ERROR 0: Exception while executing (Name: truck_events_subset: Limit - scope-81 Operator Key: scope-81): org.apache.pig.backend.executionengine.ExecException: ERROR 2081: Unable to setup the load function.
	at org.apache.pig.backend.hadoop.executionengine.physicalLayer.PhysicalOperator.processInput(PhysicalOperator.java:314)
	at org.apache.pig.backend.hadoop.executionengine.physicalLayer.relationalOperators.POLimit.getNextTuple(POLimit.java:121)
	at org.apache.pig.backend.hadoop.executionengine.physicalLayer.PhysicalOperator.processInput(PhysicalOperator.java:305)
	... 26 more
Caused by: org.apache.pig.backend.executionengine.ExecException: ERROR 2081: Unable to setup the load function.
	at org.apache.pig.backend.hadoop.executionengine.physicalLayer.relationalOperators.POLoad.getNextTuple(POLoad.java:131)
	at org.apache.pig.backend.hadoop.executionengine.physicalLayer.PhysicalOperator.processInput(PhysicalOperator.java:305)
	... 28 more
Caused by: org.apache.hadoop.mapreduce.lib.input.InvalidInputException: Input path does not exist: file:/input/truck_event_text_partition.csv
	at org.apache.hadoop.mapreduce.lib.input.FileInputFormat.singleThreadedListStatus(FileInputFormat.java:332)
	at org.apache.hadoop.mapreduce.lib.input.FileInputFormat.listStatus(FileInputFormat.java:274)
	at org.apache.pig.backend.hadoop.executionengine.mapReduceLayer.PigTextInputFormat.listStatus(PigTextInputFormat.java:36)
	at org.apache.hadoop.mapreduce.lib.input.FileInputFormat.getSplits(FileInputFormat.java:396)
	at org.apache.pig.impl.io.ReadToEndLoader.init(ReadToEndLoader.java:177)
	at org.apache.pig.impl.io.ReadToEndLoader.<init>(ReadToEndLoader.java:133)
	at org.apache.pig.backend.hadoop.executionengine.physicalLayer.relationalOperators.POLoad.setUp(POLoad.java:99)
	at org.apache.pig.backend.hadoop.executionengine.physicalLayer.relationalOperators.POLoad.getNextTuple(POLoad.java:127)
	... 29 more
================================================================================
Pig Stack Trace
---------------
ERROR 2081: Unable to setup the load function.

org.apache.pig.impl.logicalLayer.FrontendException: ERROR 1066: Unable to open iterator for alias specific_columns
	at org.apache.pig.PigServer.openIterator(PigServer.java:1019)
	at org.apache.pig.tools.grunt.GruntParser.processDump(GruntParser.java:747)
	at org.apache.pig.tools.pigscript.parser.PigScriptParser.parse(PigScriptParser.java:376)
	at org.apache.pig.tools.grunt.GruntParser.parseStopOnError(GruntParser.java:231)
	at org.apache.pig.tools.grunt.GruntParser.parseStopOnError(GruntParser.java:206)
	at org.apache.pig.tools.grunt.Grunt.run(Grunt.java:66)
	at org.apache.pig.Main.run(Main.java:564)
	at org.apache.pig.Main.main(Main.java:176)
	at sun.reflect.NativeMethodAccessorImpl.invoke0(Native Method)
	at sun.reflect.NativeMethodAccessorImpl.invoke(NativeMethodAccessorImpl.java:62)
	at sun.reflect.DelegatingMethodAccessorImpl.invoke(DelegatingMethodAccessorImpl.java:43)
	at java.lang.reflect.Method.invoke(Method.java:498)
	at org.apache.hadoop.util.RunJar.run(RunJar.java:323)
	at org.apache.hadoop.util.RunJar.main(RunJar.java:236)
Caused by: org.apache.pig.PigException: ERROR 1002: Unable to store alias specific_columns
	at org.apache.pig.PigServer.storeEx(PigServer.java:1122)
	at org.apache.pig.PigServer.store(PigServer.java:1081)
	at org.apache.pig.PigServer.openIterator(PigServer.java:994)
	... 13 more
Caused by: org.apache.pig.backend.executionengine.ExecException: ERROR 0: Exception while executing (Name: specific_columns: Store(file:/tmp/temp-1074566604/tmp-2098184928:org.apache.pig.impl.io.InterStorage) - scope-119 Operator Key: scope-119): org.apache.pig.backend.executionengine.ExecException: ERROR 0: Exception while executing (Name: specific_columns: New For Each(false,false,false)[bag] - scope-118 Operator Key: scope-118): org.apache.pig.backend.executionengine.ExecException: ERROR 0: Exception while executing (Name: truck_events: New For Each(false,false,false)[bag] - scope-111 Operator Key: scope-111): org.apache.pig.backend.executionengine.ExecException: ERROR 0: Exception while executing (Name: truck_events_subset: Limit - scope-101 Operator Key: scope-101): org.apache.pig.backend.executionengine.ExecException: ERROR 2081: Unable to setup the load function.
	at org.apache.pig.backend.hadoop.executionengine.physicalLayer.PhysicalOperator.processInput(PhysicalOperator.java:314)
	at org.apache.pig.backend.hadoop.executionengine.physicalLayer.relationalOperators.POStore.getNextTuple(POStore.java:159)
	at org.apache.pig.backend.hadoop.executionengine.fetch.FetchLauncher.runPipeline(FetchLauncher.java:157)
	at org.apache.pig.backend.hadoop.executionengine.fetch.FetchLauncher.launchPig(FetchLauncher.java:81)
	at org.apache.pig.backend.hadoop.executionengine.HExecutionEngine.launchPig(HExecutionEngine.java:306)
	at org.apache.pig.PigServer.launchPlan(PigServer.java:1474)
	at org.apache.pig.PigServer.executeCompiledLogicalPlan(PigServer.java:1459)
	at org.apache.pig.PigServer.storeEx(PigServer.java:1118)
	... 15 more
Caused by: org.apache.pig.backend.executionengine.ExecException: ERROR 0: Exception while executing (Name: specific_columns: New For Each(false,false,false)[bag] - scope-118 Operator Key: scope-118): org.apache.pig.backend.executionengine.ExecException: ERROR 0: Exception while executing (Name: truck_events: New For Each(false,false,false)[bag] - scope-111 Operator Key: scope-111): org.apache.pig.backend.executionengine.ExecException: ERROR 0: Exception while executing (Name: truck_events_subset: Limit - scope-101 Operator Key: scope-101): org.apache.pig.backend.executionengine.ExecException: ERROR 2081: Unable to setup the load function.
	at org.apache.pig.backend.hadoop.executionengine.physicalLayer.PhysicalOperator.processInput(PhysicalOperator.java:314)
	at org.apache.pig.backend.hadoop.executionengine.physicalLayer.relationalOperators.POForEach.getNextTuple(POForEach.java:256)
	at org.apache.pig.backend.hadoop.executionengine.physicalLayer.PhysicalOperator.processInput(PhysicalOperator.java:305)
	... 22 more
Caused by: org.apache.pig.backend.executionengine.ExecException: ERROR 0: Exception while executing (Name: truck_events: New For Each(false,false,false)[bag] - scope-111 Operator Key: scope-111): org.apache.pig.backend.executionengine.ExecException: ERROR 0: Exception while executing (Name: truck_events_subset: Limit - scope-101 Operator Key: scope-101): org.apache.pig.backend.executionengine.ExecException: ERROR 2081: Unable to setup the load function.
	at org.apache.pig.backend.hadoop.executionengine.physicalLayer.PhysicalOperator.processInput(PhysicalOperator.java:314)
	at org.apache.pig.backend.hadoop.executionengine.physicalLayer.relationalOperators.POForEach.getNextTuple(POForEach.java:256)
	at org.apache.pig.backend.hadoop.executionengine.physicalLayer.PhysicalOperator.processInput(PhysicalOperator.java:305)
	... 24 more
Caused by: org.apache.pig.backend.executionengine.ExecException: ERROR 0: Exception while executing (Name: truck_events_subset: Limit - scope-101 Operator Key: scope-101): org.apache.pig.backend.executionengine.ExecException: ERROR 2081: Unable to setup the load function.
	at org.apache.pig.backend.hadoop.executionengine.physicalLayer.PhysicalOperator.processInput(PhysicalOperator.java:314)
	at org.apache.pig.backend.hadoop.executionengine.physicalLayer.relationalOperators.POLimit.getNextTuple(POLimit.java:121)
	at org.apache.pig.backend.hadoop.executionengine.physicalLayer.PhysicalOperator.processInput(PhysicalOperator.java:305)
	... 26 more
Caused by: org.apache.pig.backend.executionengine.ExecException: ERROR 2081: Unable to setup the load function.
	at org.apache.pig.backend.hadoop.executionengine.physicalLayer.relationalOperators.POLoad.getNextTuple(POLoad.java:131)
	at org.apache.pig.backend.hadoop.executionengine.physicalLayer.PhysicalOperator.processInput(PhysicalOperator.java:305)
	... 28 more
Caused by: org.apache.hadoop.mapreduce.lib.input.InvalidInputException: Input path does not exist: file:/input/truck_event_text_partition.csv
	at org.apache.hadoop.mapreduce.lib.input.FileInputFormat.singleThreadedListStatus(FileInputFormat.java:332)
	at org.apache.hadoop.mapreduce.lib.input.FileInputFormat.listStatus(FileInputFormat.java:274)
	at org.apache.pig.backend.hadoop.executionengine.mapReduceLayer.PigTextInputFormat.listStatus(PigTextInputFormat.java:36)
	at org.apache.hadoop.mapreduce.lib.input.FileInputFormat.getSplits(FileInputFormat.java:396)
	at org.apache.pig.impl.io.ReadToEndLoader.init(ReadToEndLoader.java:177)
	at org.apache.pig.impl.io.ReadToEndLoader.<init>(ReadToEndLoader.java:133)
	at org.apache.pig.backend.hadoop.executionengine.physicalLayer.relationalOperators.POLoad.setUp(POLoad.java:99)
	at org.apache.pig.backend.hadoop.executionengine.physicalLayer.relationalOperators.POLoad.getNextTuple(POLoad.java:127)
	... 29 more
================================================================================
Pig Stack Trace
---------------
ERROR 2081: Unable to setup the load function.

org.apache.pig.impl.logicalLayer.FrontendException: ERROR 1066: Unable to open iterator for alias specific_columns
	at org.apache.pig.PigServer.openIterator(PigServer.java:1019)
	at org.apache.pig.tools.grunt.GruntParser.processDump(GruntParser.java:747)
	at org.apache.pig.tools.pigscript.parser.PigScriptParser.parse(PigScriptParser.java:376)
	at org.apache.pig.tools.grunt.GruntParser.parseStopOnError(GruntParser.java:231)
	at org.apache.pig.tools.grunt.GruntParser.parseStopOnError(GruntParser.java:206)
	at org.apache.pig.tools.grunt.Grunt.run(Grunt.java:66)
	at org.apache.pig.Main.run(Main.java:564)
	at org.apache.pig.Main.main(Main.java:176)
	at sun.reflect.NativeMethodAccessorImpl.invoke0(Native Method)
	at sun.reflect.NativeMethodAccessorImpl.invoke(NativeMethodAccessorImpl.java:62)
	at sun.reflect.DelegatingMethodAccessorImpl.invoke(DelegatingMethodAccessorImpl.java:43)
	at java.lang.reflect.Method.invoke(Method.java:498)
	at org.apache.hadoop.util.RunJar.run(RunJar.java:323)
	at org.apache.hadoop.util.RunJar.main(RunJar.java:236)
Caused by: org.apache.pig.PigException: ERROR 1002: Unable to store alias specific_columns
	at org.apache.pig.PigServer.storeEx(PigServer.java:1122)
	at org.apache.pig.PigServer.store(PigServer.java:1081)
	at org.apache.pig.PigServer.openIterator(PigServer.java:994)
	... 13 more
Caused by: org.apache.pig.backend.executionengine.ExecException: ERROR 0: Exception while executing (Name: specific_columns: Store(file:/tmp/temp-1074566604/tmp1385935986:org.apache.pig.impl.io.InterStorage) - scope-139 Operator Key: scope-139): org.apache.pig.backend.executionengine.ExecException: ERROR 0: Exception while executing (Name: specific_columns: New For Each(false,false,false)[bag] - scope-138 Operator Key: scope-138): org.apache.pig.backend.executionengine.ExecException: ERROR 0: Exception while executing (Name: truck_events: New For Each(false,false,false)[bag] - scope-131 Operator Key: scope-131): org.apache.pig.backend.executionengine.ExecException: ERROR 0: Exception while executing (Name: truck_events_subset: Limit - scope-121 Operator Key: scope-121): org.apache.pig.backend.executionengine.ExecException: ERROR 2081: Unable to setup the load function.
	at org.apache.pig.backend.hadoop.executionengine.physicalLayer.PhysicalOperator.processInput(PhysicalOperator.java:314)
	at org.apache.pig.backend.hadoop.executionengine.physicalLayer.relationalOperators.POStore.getNextTuple(POStore.java:159)
	at org.apache.pig.backend.hadoop.executionengine.fetch.FetchLauncher.runPipeline(FetchLauncher.java:157)
	at org.apache.pig.backend.hadoop.executionengine.fetch.FetchLauncher.launchPig(FetchLauncher.java:81)
	at org.apache.pig.backend.hadoop.executionengine.HExecutionEngine.launchPig(HExecutionEngine.java:306)
	at org.apache.pig.PigServer.launchPlan(PigServer.java:1474)
	at org.apache.pig.PigServer.executeCompiledLogicalPlan(PigServer.java:1459)
	at org.apache.pig.PigServer.storeEx(PigServer.java:1118)
	... 15 more
Caused by: org.apache.pig.backend.executionengine.ExecException: ERROR 0: Exception while executing (Name: specific_columns: New For Each(false,false,false)[bag] - scope-138 Operator Key: scope-138): org.apache.pig.backend.executionengine.ExecException: ERROR 0: Exception while executing (Name: truck_events: New For Each(false,false,false)[bag] - scope-131 Operator Key: scope-131): org.apache.pig.backend.executionengine.ExecException: ERROR 0: Exception while executing (Name: truck_events_subset: Limit - scope-121 Operator Key: scope-121): org.apache.pig.backend.executionengine.ExecException: ERROR 2081: Unable to setup the load function.
	at org.apache.pig.backend.hadoop.executionengine.physicalLayer.PhysicalOperator.processInput(PhysicalOperator.java:314)
	at org.apache.pig.backend.hadoop.executionengine.physicalLayer.relationalOperators.POForEach.getNextTuple(POForEach.java:256)
	at org.apache.pig.backend.hadoop.executionengine.physicalLayer.PhysicalOperator.processInput(PhysicalOperator.java:305)
	... 22 more
Caused by: org.apache.pig.backend.executionengine.ExecException: ERROR 0: Exception while executing (Name: truck_events: New For Each(false,false,false)[bag] - scope-131 Operator Key: scope-131): org.apache.pig.backend.executionengine.ExecException: ERROR 0: Exception while executing (Name: truck_events_subset: Limit - scope-121 Operator Key: scope-121): org.apache.pig.backend.executionengine.ExecException: ERROR 2081: Unable to setup the load function.
	at org.apache.pig.backend.hadoop.executionengine.physicalLayer.PhysicalOperator.processInput(PhysicalOperator.java:314)
	at org.apache.pig.backend.hadoop.executionengine.physicalLayer.relationalOperators.POForEach.getNextTuple(POForEach.java:256)
	at org.apache.pig.backend.hadoop.executionengine.physicalLayer.PhysicalOperator.processInput(PhysicalOperator.java:305)
	... 24 more
Caused by: org.apache.pig.backend.executionengine.ExecException: ERROR 0: Exception while executing (Name: truck_events_subset: Limit - scope-121 Operator Key: scope-121): org.apache.pig.backend.executionengine.ExecException: ERROR 2081: Unable to setup the load function.
	at org.apache.pig.backend.hadoop.executionengine.physicalLayer.PhysicalOperator.processInput(PhysicalOperator.java:314)
	at org.apache.pig.backend.hadoop.executionengine.physicalLayer.relationalOperators.POLimit.getNextTuple(POLimit.java:121)
	at org.apache.pig.backend.hadoop.executionengine.physicalLayer.PhysicalOperator.processInput(PhysicalOperator.java:305)
	... 26 more
Caused by: org.apache.pig.backend.executionengine.ExecException: ERROR 2081: Unable to setup the load function.
	at org.apache.pig.backend.hadoop.executionengine.physicalLayer.relationalOperators.POLoad.getNextTuple(POLoad.java:131)
	at org.apache.pig.backend.hadoop.executionengine.physicalLayer.PhysicalOperator.processInput(PhysicalOperator.java:305)
	... 28 more
Caused by: org.apache.hadoop.mapreduce.lib.input.InvalidInputException: Input path does not exist: file:/input/truck_event_text_partition.csv
	at org.apache.hadoop.mapreduce.lib.input.FileInputFormat.singleThreadedListStatus(FileInputFormat.java:332)
	at org.apache.hadoop.mapreduce.lib.input.FileInputFormat.listStatus(FileInputFormat.java:274)
	at org.apache.pig.backend.hadoop.executionengine.mapReduceLayer.PigTextInputFormat.listStatus(PigTextInputFormat.java:36)
	at org.apache.hadoop.mapreduce.lib.input.FileInputFormat.getSplits(FileInputFormat.java:396)
	at org.apache.pig.impl.io.ReadToEndLoader.init(ReadToEndLoader.java:177)
	at org.apache.pig.impl.io.ReadToEndLoader.<init>(ReadToEndLoader.java:133)
	at org.apache.pig.backend.hadoop.executionengine.physicalLayer.relationalOperators.POLoad.setUp(POLoad.java:99)
	at org.apache.pig.backend.hadoop.executionengine.physicalLayer.relationalOperators.POLoad.getNextTuple(POLoad.java:127)
	... 29 more
================================================================================
